0 info it worked if it ends with ok
1 verbose cli [ '/Users/zfcm/.nvm/versions/node/v4.2.4/bin/node',
1 verbose cli   '/Users/zfcm/.nvm/versions/node/v4.2.4/bin/npm',
1 verbose cli   'start' ]
2 info using npm@2.14.12
3 info using node@v4.2.4
4 verbose run-script [ 'prestart', 'start', 'poststart' ]
5 info prestart P2P@0.0.1
6 info start P2P@0.0.1
7 verbose unsafe-perm in lifecycle true
8 info P2P@0.0.1 Failed to exec start script
9 verbose stack Error: P2P@0.0.1 start: `grunt && supervisor ./bin/www`
9 verbose stack Exit status 3
9 verbose stack     at EventEmitter.<anonymous> (/Users/zfcm/.nvm/versions/node/v4.2.4/lib/node_modules/npm/lib/utils/lifecycle.js:214:16)
9 verbose stack     at emitTwo (events.js:87:13)
9 verbose stack     at EventEmitter.emit (events.js:172:7)
9 verbose stack     at ChildProcess.<anonymous> (/Users/zfcm/.nvm/versions/node/v4.2.4/lib/node_modules/npm/lib/utils/spawn.js:24:14)
9 verbose stack     at emitTwo (events.js:87:13)
9 verbose stack     at ChildProcess.emit (events.js:172:7)
9 verbose stack     at maybeClose (internal/child_process.js:818:16)
9 verbose stack     at Process.ChildProcess._handle.onexit (internal/child_process.js:211:5)
10 verbose pkgid P2P@0.0.1
11 verbose cwd /Users/zfcm/P2P
12 error Darwin 14.4.0
13 error argv "/Users/zfcm/.nvm/versions/node/v4.2.4/bin/node" "/Users/zfcm/.nvm/versions/node/v4.2.4/bin/npm" "start"
14 error node v4.2.4
15 error npm  v2.14.12
16 error code ELIFECYCLE
17 error P2P@0.0.1 start: `grunt && supervisor ./bin/www`
17 error Exit status 3
18 error Failed at the P2P@0.0.1 start script 'grunt && supervisor ./bin/www'.
18 error This is most likely a problem with the P2P package,
18 error not with npm itself.
18 error Tell the author that this fails on your system:
18 error     grunt && supervisor ./bin/www
18 error You can get their info via:
18 error     npm owner ls P2P
18 error There is likely additional logging output above.
19 verbose exit [ 1, true ]
